0    [main] INFO  org.hibernate.annotations.common.Version  - HCANN000001: Hibernate Commons Annotations {4.0.1.Final}
6    [main] INFO  org.hibernate.Version  - HHH000412: Hibernate Core {4.0.1.Final}
7    [main] INFO  org.hibernate.cfg.Environment  - HHH000206: hibernate.properties not found
9    [main] INFO  org.hibernate.cfg.Environment  - HHH000021: Bytecode provider name : javassist
29   [main] INFO  org.hibernate.cfg.Configuration  - HHH000043: Configuring from resource: /hibernate.cfg.xml
29   [main] INFO  org.hibernate.cfg.Configuration  - HHH000040: Configuration resource: /hibernate.cfg.xml
170  [main] INFO  org.hibernate.cfg.Configuration  - HHH000041: Configured SessionFactory: null
356  [main] INFO  org.hibernate.service.jdbc.connections.internal.DriverManagerConnectionProviderImpl  - HHH000402: Using Hibernate built-in connection pool (not for production use!)
360  [main] INFO  org.hibernate.service.jdbc.connections.internal.DriverManagerConnectionProviderImpl  - HHH000115: Hibernate connection pool size: 20
361  [main] INFO  org.hibernate.service.jdbc.connections.internal.DriverManagerConnectionProviderImpl  - HHH000006: Autocommit mode: false
361  [main] INFO  org.hibernate.service.jdbc.connections.internal.DriverManagerConnectionProviderImpl  - HHH000401: using driver [com.mysql.jdbc.Driver] at URL [jdbc:mysql://localhost/emr]
361  [main] INFO  org.hibernate.service.jdbc.connections.internal.DriverManagerConnectionProviderImpl  - HHH000046: Connection properties: {user=root, password=****}
674  [main] INFO  org.hibernate.dialect.Dialect  - HHH000400: Using dialect: org.hibernate.dialect.MySQLDialect
684  [main] INFO  org.hibernate.engine.jdbc.internal.LobCreatorBuilder  - HHH000423: Disabling contextual LOB creation as JDBC driver reported JDBC version [3] less than 4
698  [main] INFO  org.hibernate.engine.transaction.internal.TransactionFactoryInitiator  - HHH000399: Using default transaction strategy (direct JDBC transactions)
702  [main] INFO  org.hibernate.hql.internal.ast.ASTQueryTranslatorFactory  - HHH000397: Using ASTQueryTranslatorFactory
737  [main] INFO  org.hibernate.validator.util.Version  - Hibernate Validator 4.2.0.Final
1006 [main] INFO  org.hibernate.tool.hbm2ddl.SchemaUpdate  - HHH000228: Running hbm2ddl schema update
1006 [main] INFO  org.hibernate.tool.hbm2ddl.SchemaUpdate  - HHH000102: Fetching database metadata
1008 [main] INFO  org.hibernate.tool.hbm2ddl.SchemaUpdate  - HHH000396: Updating schema
1029 [main] INFO  org.hibernate.tool.hbm2ddl.TableMetadata  - HHH000261: Table found: emr.record
1029 [main] INFO  org.hibernate.tool.hbm2ddl.TableMetadata  - HHH000037: Columns: [name, id, text]
1029 [main] INFO  org.hibernate.tool.hbm2ddl.TableMetadata  - HHH000108: Foreign keys: []
1029 [main] INFO  org.hibernate.tool.hbm2ddl.TableMetadata  - HHH000126: Indexes: [primary]
1043 [main] INFO  org.hibernate.tool.hbm2ddl.TableMetadata  - HHH000261: Table found: emr.sentence
1043 [main] INFO  org.hibernate.tool.hbm2ddl.TableMetadata  - HHH000037: Columns: [recordid, record_id, is_handle, includepattern, ishandle, index, id, content, include_pattern]
1043 [main] INFO  org.hibernate.tool.hbm2ddl.TableMetadata  - HHH000108: Foreign keys: [fk_sentence_1]
1043 [main] INFO  org.hibernate.tool.hbm2ddl.TableMetadata  - HHH000126: Indexes: [primary, fk_sentence_1_idx]
1056 [main] INFO  org.hibernate.tool.hbm2ddl.TableMetadata  - HHH000261: Table found: emr.word
1056 [main] INFO  org.hibernate.tool.hbm2ddl.TableMetadata  - HHH000037: Columns: [other_tag, ibo_tag, orth_tag, sentence_id, umls_tag, lemma, pos_tag, sessiontag, id, position, content]
1056 [main] INFO  org.hibernate.tool.hbm2ddl.TableMetadata  - HHH000108: Foreign keys: [fk_word_1]
1056 [main] INFO  org.hibernate.tool.hbm2ddl.TableMetadata  - HHH000126: Indexes: [fk_word_1_idx, primary]
1057 [main] INFO  org.hibernate.tool.hbm2ddl.SchemaUpdate  - HHH000232: Schema update complete
