15:32:38.060 [main] ERROR v.e.h.e.c.preprocess.ProcessVNText - 1
java.lang.ArrayIndexOutOfBoundsException: 1
	at vn.edu.hcmut.emrre.core.preprocess.ProcessVNText.posTag(ProcessVNText.java:38) ~[classes/:na]
	at vn.edu.hcmut.emrre.core.entity.record.App.main(App.java:54) [classes/:na]
15:32:38.231 [main] ERROR v.e.h.e.c.preprocess.ProcessVNText - 1
java.lang.ArrayIndexOutOfBoundsException: 1
	at vn.edu.hcmut.emrre.core.preprocess.ProcessVNText.posTag(ProcessVNText.java:38) ~[classes/:na]
	at vn.edu.hcmut.emrre.core.entity.record.App.main(App.java:54) [classes/:na]
15:33:19.276 [main] ERROR v.e.h.e.c.preprocess.ProcessVNText - 1
java.lang.ArrayIndexOutOfBoundsException: 1
	at vn.edu.hcmut.emrre.core.preprocess.ProcessVNText.posTag(ProcessVNText.java:38) ~[classes/:na]
	at vn.edu.hcmut.emrre.core.entity.record.App.main(App.java:54) [classes/:na]
15:34:23.357 [main] ERROR v.e.h.e.c.preprocess.ProcessVNText - 1
java.lang.ArrayIndexOutOfBoundsException: 1
	at vn.edu.hcmut.emrre.core.preprocess.ProcessVNText.posTag(ProcessVNText.java:38) ~[classes/:na]
	at vn.edu.hcmut.emrre.core.entity.record.App.main(App.java:54) [classes/:na]
15:35:05.801 [main] ERROR v.e.h.e.c.preprocess.ProcessVNText - 1
java.lang.ArrayIndexOutOfBoundsException: 1
	at vn.edu.hcmut.emrre.core.preprocess.ProcessVNText.posTag(ProcessVNText.java:38) ~[classes/:na]
	at vn.edu.hcmut.emrre.core.entity.record.App.main(App.java:54) [classes/:na]
15:36:19.629 [main] ERROR v.e.h.e.c.preprocess.ProcessVNText - 1
java.lang.ArrayIndexOutOfBoundsException: 1
	at vn.edu.hcmut.emrre.core.preprocess.ProcessVNText.posTag(ProcessVNText.java:38) ~[classes/:na]
	at vn.edu.hcmut.emrre.core.entity.record.App.main(App.java:54) [classes/:na]
15:37:05.683 [main] ERROR v.e.h.e.c.preprocess.ProcessVNText - 1
java.lang.ArrayIndexOutOfBoundsException: 1
	at vn.edu.hcmut.emrre.core.preprocess.ProcessVNText.posTag(ProcessVNText.java:38) ~[classes/:na]
	at vn.edu.hcmut.emrre.core.entity.record.App.main(App.java:54) [classes/:na]
15:39:15.184 [main] ERROR v.e.h.e.c.preprocess.ProcessVNText - null
java.lang.ArrayIndexOutOfBoundsException: null
15:39:56.334 [main] ERROR v.e.h.e.c.preprocess.ProcessVNText - null
java.lang.ArrayIndexOutOfBoundsException: null
15:40:11.564 [main] ERROR v.e.h.e.c.preprocess.ProcessVNText - null
java.lang.ArrayIndexOutOfBoundsException: null
15:40:12.118 [main] ERROR v.e.h.e.c.preprocess.ProcessVNText - null
java.lang.ArrayIndexOutOfBoundsException: null
15:40:25.420 [main] ERROR v.e.h.e.c.preprocess.ProcessVNText - null
java.lang.ArrayIndexOutOfBoundsException: null
15:40:40.623 [main] ERROR v.e.h.e.c.preprocess.ProcessVNText - null
java.lang.ArrayIndexOutOfBoundsException: null
15:41:40.161 [main] ERROR v.e.h.e.c.preprocess.ProcessVNText - null
java.lang.ArrayIndexOutOfBoundsException: null
15:41:43.545 [main] ERROR v.e.h.e.c.preprocess.ProcessVNText - null
java.lang.ArrayIndexOutOfBoundsException: null
15:42:10.311 [main] ERROR o.h.e.jdbc.spi.SqlExceptionHelper - Data source rejected establishment of connection,  message from server: "Too many connections"
15:57:58.648 [main] ERROR v.e.h.e.c.preprocess.ProcessVNText - 1
java.lang.ArrayIndexOutOfBoundsException: 1
	at vn.edu.hcmut.emrre.core.preprocess.ProcessVNText.posTag(ProcessVNText.java:38) ~[classes/:na]
	at vn.edu.hcmut.emrre.core.entity.record.App.main(App.java:54) [classes/:na]
15:58:00.930 [main] ERROR v.e.h.e.c.preprocess.ProcessVNText - 1
java.lang.ArrayIndexOutOfBoundsException: 1
	at vn.edu.hcmut.emrre.core.preprocess.ProcessVNText.posTag(ProcessVNText.java:38) ~[classes/:na]
	at vn.edu.hcmut.emrre.core.entity.record.App.main(App.java:54) [classes/:na]
15:58:26.856 [main] ERROR v.e.h.e.c.preprocess.ProcessVNText - 1
java.lang.ArrayIndexOutOfBoundsException: 1
	at vn.edu.hcmut.emrre.core.preprocess.ProcessVNText.posTag(ProcessVNText.java:38) ~[classes/:na]
	at vn.edu.hcmut.emrre.core.entity.record.App.main(App.java:54) [classes/:na]
15:58:27.023 [main] ERROR v.e.h.e.c.preprocess.ProcessVNText - 1
java.lang.ArrayIndexOutOfBoundsException: 1
	at vn.edu.hcmut.emrre.core.preprocess.ProcessVNText.posTag(ProcessVNText.java:38) ~[classes/:na]
	at vn.edu.hcmut.emrre.core.entity.record.App.main(App.java:54) [classes/:na]
15:58:27.245 [main] ERROR v.e.h.e.c.preprocess.ProcessVNText - 1
java.lang.ArrayIndexOutOfBoundsException: 1
	at vn.edu.hcmut.emrre.core.preprocess.ProcessVNText.posTag(ProcessVNText.java:38) ~[classes/:na]
	at vn.edu.hcmut.emrre.core.entity.record.App.main(App.java:54) [classes/:na]
15:58:27.899 [main] ERROR v.e.h.e.c.preprocess.ProcessVNText - 1
java.lang.ArrayIndexOutOfBoundsException: 1
	at vn.edu.hcmut.emrre.core.preprocess.ProcessVNText.posTag(ProcessVNText.java:38) ~[classes/:na]
	at vn.edu.hcmut.emrre.core.entity.record.App.main(App.java:54) [classes/:na]
15:58:28.954 [main] ERROR v.e.h.e.c.preprocess.ProcessVNText - 1
java.lang.ArrayIndexOutOfBoundsException: 1
	at vn.edu.hcmut.emrre.core.preprocess.ProcessVNText.posTag(ProcessVNText.java:38) ~[classes/:na]
	at vn.edu.hcmut.emrre.core.entity.record.App.main(App.java:54) [classes/:na]
15:58:29.164 [main] ERROR v.e.h.e.c.preprocess.ProcessVNText - 1
java.lang.ArrayIndexOutOfBoundsException: 1
	at vn.edu.hcmut.emrre.core.preprocess.ProcessVNText.posTag(ProcessVNText.java:38) ~[classes/:na]
	at vn.edu.hcmut.emrre.core.entity.record.App.main(App.java:54) [classes/:na]
15:58:29.419 [main] ERROR v.e.h.e.c.preprocess.ProcessVNText - 1
java.lang.ArrayIndexOutOfBoundsException: 1
	at vn.edu.hcmut.emrre.core.preprocess.ProcessVNText.posTag(ProcessVNText.java:38) ~[classes/:na]
	at vn.edu.hcmut.emrre.core.entity.record.App.main(App.java:54) [classes/:na]
15:59:49.796 [main] ERROR v.e.h.e.c.preprocess.ProcessVNText - 1
java.lang.ArrayIndexOutOfBoundsException: 1
	at vn.edu.hcmut.emrre.core.preprocess.ProcessVNText.posTag(ProcessVNText.java:38) ~[classes/:na]
	at vn.edu.hcmut.emrre.core.entity.record.App.main(App.java:54) [classes/:na]
16:00:16.912 [main] ERROR v.e.h.e.c.preprocess.ProcessVNText - 1
java.lang.ArrayIndexOutOfBoundsException: 1
	at vn.edu.hcmut.emrre.core.preprocess.ProcessVNText.posTag(ProcessVNText.java:38) ~[classes/:na]
	at vn.edu.hcmut.emrre.core.entity.record.App.main(App.java:54) [classes/:na]
16:00:18.462 [main] ERROR v.e.h.e.c.preprocess.ProcessVNText - 1
java.lang.ArrayIndexOutOfBoundsException: 1
	at vn.edu.hcmut.emrre.core.preprocess.ProcessVNText.posTag(ProcessVNText.java:38) ~[classes/:na]
	at vn.edu.hcmut.emrre.core.entity.record.App.main(App.java:54) [classes/:na]
16:01:11.036 [main] ERROR v.e.h.e.c.preprocess.ProcessVNText - 1
java.lang.ArrayIndexOutOfBoundsException: 1
	at vn.edu.hcmut.emrre.core.preprocess.ProcessVNText.posTag(ProcessVNText.java:38) ~[classes/:na]
	at vn.edu.hcmut.emrre.core.entity.record.App.main(App.java:54) [classes/:na]
16:01:13.405 [main] ERROR v.e.h.e.c.preprocess.ProcessVNText - 1
java.lang.ArrayIndexOutOfBoundsException: 1
	at vn.edu.hcmut.emrre.core.preprocess.ProcessVNText.posTag(ProcessVNText.java:38) ~[classes/:na]
	at vn.edu.hcmut.emrre.core.entity.record.App.main(App.java:54) [classes/:na]
16:01:15.253 [main] ERROR v.e.h.e.c.preprocess.ProcessVNText - 1
java.lang.ArrayIndexOutOfBoundsException: 1
	at vn.edu.hcmut.emrre.core.preprocess.ProcessVNText.posTag(ProcessVNText.java:38) ~[classes/:na]
	at vn.edu.hcmut.emrre.core.entity.record.App.main(App.java:54) [classes/:na]
16:01:16.607 [main] ERROR v.e.h.e.c.preprocess.ProcessVNText - 1
java.lang.ArrayIndexOutOfBoundsException: 1
	at vn.edu.hcmut.emrre.core.preprocess.ProcessVNText.posTag(ProcessVNText.java:38) ~[classes/:na]
	at vn.edu.hcmut.emrre.core.entity.record.App.main(App.java:54) [classes/:na]
16:04:57.877 [main] ERROR v.e.h.e.c.preprocess.ProcessVNText - null
java.lang.ArrayIndexOutOfBoundsException: null
16:05:05.646 [main] ERROR v.e.h.e.c.preprocess.ProcessVNText - null
java.lang.ArrayIndexOutOfBoundsException: null
16:07:03.009 [main] ERROR v.e.h.e.c.preprocess.ProcessVNText - null
java.lang.ArrayIndexOutOfBoundsException: null
16:08:22.218 [main] ERROR v.e.h.e.c.preprocess.ProcessVNText - null
java.lang.ArrayIndexOutOfBoundsException: null
16:11:08.207 [main] ERROR v.e.h.e.c.preprocess.ProcessVNText - null
java.lang.ArrayIndexOutOfBoundsException: null
16:11:15.795 [main] ERROR v.e.h.e.c.preprocess.ProcessVNText - null
java.lang.ArrayIndexOutOfBoundsException: null
16:13:02.444 [main] ERROR v.e.h.e.c.preprocess.ProcessVNText - null
java.lang.ArrayIndexOutOfBoundsException: null
16:21:14.674 [main] ERROR v.e.h.e.c.preprocess.ProcessVNText - null
java.lang.ArrayIndexOutOfBoundsException: null
16:22:27.795 [main] ERROR v.e.h.e.c.preprocess.ProcessVNText - null
java.lang.ArrayIndexOutOfBoundsException: null
16:26:18.923 [main] ERROR v.e.h.e.c.preprocess.ProcessVNText - null
java.lang.ArrayIndexOutOfBoundsException: null
16:26:21.119 [main] ERROR v.e.h.e.c.preprocess.ProcessVNText - null
java.lang.ArrayIndexOutOfBoundsException: null
16:27:18.171 [main] ERROR v.e.h.e.c.preprocess.ProcessVNText - null
java.lang.ArrayIndexOutOfBoundsException: null
16:27:40.402 [main] ERROR v.e.h.e.c.preprocess.ProcessVNText - null
java.lang.ArrayIndexOutOfBoundsException: null
16:28:17.401 [main] ERROR v.e.h.e.c.preprocess.ProcessVNText - null
java.lang.ArrayIndexOutOfBoundsException: null
16:28:34.087 [main] ERROR v.e.h.e.c.preprocess.ProcessVNText - null
java.lang.ArrayIndexOutOfBoundsException: null
16:29:17.542 [main] ERROR v.e.h.e.c.preprocess.ProcessVNText - null
java.lang.ArrayIndexOutOfBoundsException: null
16:29:18.096 [main] ERROR v.e.h.e.c.preprocess.ProcessVNText - null
java.lang.ArrayIndexOutOfBoundsException: null
16:30:08.464 [main] ERROR v.e.h.e.c.preprocess.ProcessVNText - null
java.lang.ArrayIndexOutOfBoundsException: null
16:31:17.803 [main] ERROR v.e.h.e.c.preprocess.ProcessVNText - null
java.lang.ArrayIndexOutOfBoundsException: null
16:31:35.154 [main] ERROR v.e.h.e.c.preprocess.ProcessVNText - null
java.lang.ArrayIndexOutOfBoundsException: null
16:33:04.736 [main] ERROR v.e.h.e.c.preprocess.ProcessVNText - null
java.lang.ArrayIndexOutOfBoundsException: null
16:33:37.835 [main] ERROR v.e.h.e.c.preprocess.ProcessVNText - null
java.lang.ArrayIndexOutOfBoundsException: null
16:33:46.461 [main] ERROR v.e.h.e.c.preprocess.ProcessVNText - null
java.lang.ArrayIndexOutOfBoundsException: null
16:36:36.056 [main] ERROR v.e.h.e.c.preprocess.ProcessVNText - null
java.lang.ArrayIndexOutOfBoundsException: null
16:37:08.218 [main] ERROR v.e.h.e.c.preprocess.ProcessVNText - null
java.lang.ArrayIndexOutOfBoundsException: null
16:37:44.672 [main] ERROR v.e.h.e.c.preprocess.ProcessVNText - null
java.lang.ArrayIndexOutOfBoundsException: null
16:39:37.765 [main] ERROR v.e.h.e.c.preprocess.ProcessVNText - null
java.lang.ArrayIndexOutOfBoundsException: null
16:39:39.852 [main] ERROR v.e.h.e.c.preprocess.ProcessVNText - null
java.lang.ArrayIndexOutOfBoundsException: null
16:39:41.849 [main] ERROR v.e.h.e.c.preprocess.ProcessVNText - null
java.lang.ArrayIndexOutOfBoundsException: null
16:39:44.377 [main] ERROR v.e.h.e.c.preprocess.ProcessVNText - null
java.lang.ArrayIndexOutOfBoundsException: null
16:40:49.637 [main] ERROR v.e.h.e.c.preprocess.ProcessVNText - null
java.lang.ArrayIndexOutOfBoundsException: null
